D:\DEPOT\GITHUB\AUTOCAD.IO-APPPACKAGE-DLL-CPP\X64\RELEASE\CRXAPP.OBJ
D:\DEPOT\GITHUB\AUTOCAD.IO-APPPACKAGE-DLL-CPP\X64\RELEASE\CRXAPP.PDB
D:\Depot\GitHub\autocad.io-AppPackage-dll-cpp\x64\Release\CrxApp.lib
D:\Depot\GitHub\autocad.io-AppPackage-dll-cpp\x64\Release\CrxApp.exp
D:\DEPOT\GITHUB\AUTOCAD.IO-APPPACKAGE-DLL-CPP\X64\RELEASE\CRXAPP.CRX
D:\Depot\GitHub\autocad.io-AppPackage-dll-cpp\x64\Release\CrxApp.obj
D:\Depot\GitHub\autocad.io-AppPackage-dll-cpp\x64\Release\acax20enu.tlh
D:\Depot\GitHub\autocad.io-AppPackage-dll-cpp\x64\Release\cl.command.1.tlog
D:\Depot\GitHub\autocad.io-AppPackage-dll-cpp\x64\Release\CL.read.1.tlog
D:\Depot\GitHub\autocad.io-AppPackage-dll-cpp\x64\Release\CL.write.1.tlog
D:\Depot\GitHub\autocad.io-AppPackage-dll-cpp\x64\Release\CrxApp.write.1.tlog
D:\Depot\GitHub\autocad.io-AppPackage-dll-cpp\x64\Release\link-cvtres.read.1.tlog
D:\Depot\GitHub\autocad.io-AppPackage-dll-cpp\x64\Release\link-cvtres.write.1.tlog
D:\Depot\GitHub\autocad.io-AppPackage-dll-cpp\x64\Release\link-rc.read.1.tlog
D:\Depot\GitHub\autocad.io-AppPackage-dll-cpp\x64\Release\link-rc.write.1.tlog
D:\Depot\GitHub\autocad.io-AppPackage-dll-cpp\x64\Release\link.command.1.tlog
D:\Depot\GitHub\autocad.io-AppPackage-dll-cpp\x64\Release\link.read.1.tlog
D:\Depot\GitHub\autocad.io-AppPackage-dll-cpp\x64\Release\link.write.1.tlog
D:\Depot\GitHub\autocad.io-AppPackage-dll-cpp\x64\Release\crxapp.pdb
D:\Depot\GitHub\autocad.io-AppPackage-dll-cpp\x64\Release\CrxApp.pdb
D:\Depot\GitHub\autocad.io-AppPackage-dll-cpp\x64\Release\CrxApp.crx
